gcc -D_FORTIFY_SOURCE=2 -D_GNU_SOURCE -D_FILE_OFFSET_BITS=64 -D_LARGEFILE_SOURCE -Wstrict-prototypes -Wredundant-decls -Wall -Wundef -Wwrite-strings -Wmissing-prototypes -fno-strict-aliasing -c -o /tmp/qemu-conf-12963-4838-9604.o /tmp/qemu-conf-11426-4838-23104.c
/tmp/qemu-conf-11426-4838-23104.c:2:2: 错误： #error Not defined
gcc -D_FORTIFY_SOURCE=2 -D_GNU_SOURCE -D_FILE_OFFSET_BITS=64 -D_LARGEFILE_SOURCE -Wstrict-prototypes -Wredundant-decls -Wall -Wundef -Wwrite-strings -Wmissing-prototypes -fno-strict-aliasing -c -o /tmp/qemu-conf-12963-4838-9604.o /tmp/qemu-conf-11426-4838-23104.c
gcc -D_FORTIFY_SOURCE=2 -D_GNU_SOURCE -D_FILE_OFFSET_BITS=64 -D_LARGEFILE_SOURCE -Wstrict-prototypes -Wredundant-decls -Wall -Wundef -Wwrite-strings -Wmissing-prototypes -fno-strict-aliasing -c -o /tmp/qemu-conf-12963-4838-9604.o /tmp/qemu-conf-11426-4838-23104.c
gcc -m64 -D_FORTIFY_SOURCE=2 -D_GNU_SOURCE -D_FILE_OFFSET_BITS=64 -D_LARGEFILE_SOURCE -Wstrict-prototypes -Wredundant-decls -Wall -Wundef -Wwrite-strings -Wmissing-prototypes -fno-strict-aliasing -c -o /tmp/qemu-conf-12963-4838-9604.o /tmp/qemu-conf-11426-4838-23104.c
/tmp/qemu-conf-11426-4838-23104.c: 在函数‘main’中:
/tmp/qemu-conf-11426-4838-23104.c:1:1: 警告： 在有返回值的函数中，控制流程到达函数尾 [-Wreturn-type]
gcc -m64 -D_FORTIFY_SOURCE=2 -D_GNU_SOURCE -D_FILE_OFFSET_BITS=64 -D_LARGEFILE_SOURCE -Wstrict-prototypes -Wredundant-decls -Wall -Wundef -Wwrite-strings -Wmissing-prototypes -fno-strict-aliasing -fstack-protector-all -Werror -o /tmp/qemu-conf-7493-4838-7980.exe /tmp/qemu-conf-11426-4838-23104.c -m64 -g
gcc -m64 -D_FORTIFY_SOURCE=2 -D_GNU_SOURCE -D_FILE_OFFSET_BITS=64 -D_LARGEFILE_SOURCE -Wstrict-prototypes -Wredundant-decls -Wall -Wundef -Wwrite-strings -Wmissing-prototypes -fno-strict-aliasing -fstack-protector-all -Wendif-labels -Werror -o /tmp/qemu-conf-7493-4838-7980.exe /tmp/qemu-conf-11426-4838-23104.c -m64 -g
gcc -m64 -D_FORTIFY_SOURCE=2 -D_GNU_SOURCE -D_FILE_OFFSET_BITS=64 -D_LARGEFILE_SOURCE -Wstrict-prototypes -Wredundant-decls -Wall -Wundef -Wwrite-strings -Wmissing-prototypes -fno-strict-aliasing -fstack-protector-all -Wendif-labels -Wmissing-include-dirs -Werror -o /tmp/qemu-conf-7493-4838-7980.exe /tmp/qemu-conf-11426-4838-23104.c -m64 -g
gcc -m64 -D_FORTIFY_SOURCE=2 -D_GNU_SOURCE -D_FILE_OFFSET_BITS=64 -D_LARGEFILE_SOURCE -Wstrict-prototypes -Wredundant-decls -Wall -Wundef -Wwrite-strings -Wmissing-prototypes -fno-strict-aliasing -fstack-protector-all -Wendif-labels -Wmissing-include-dirs -Wempty-body -Werror -o /tmp/qemu-conf-7493-4838-7980.exe /tmp/qemu-conf-11426-4838-23104.c -m64 -g
gcc -m64 -D_FORTIFY_SOURCE=2 -D_GNU_SOURCE -D_FILE_OFFSET_BITS=64 -D_LARGEFILE_SOURCE -Wstrict-prototypes -Wredundant-decls -Wall -Wundef -Wwrite-strings -Wmissing-prototypes -fno-strict-aliasing -fstack-protector-all -Wendif-labels -Wmissing-include-dirs -Wempty-body -Wnested-externs -Werror -o /tmp/qemu-conf-7493-4838-7980.exe /tmp/qemu-conf-11426-4838-23104.c -m64 -g
gcc -m64 -D_FORTIFY_SOURCE=2 -D_GNU_SOURCE -D_FILE_OFFSET_BITS=64 -D_LARGEFILE_SOURCE -Wstrict-prototypes -Wredundant-decls -Wall -Wundef -Wwrite-strings -Wmissing-prototypes -fno-strict-aliasing -fstack-protector-all -Wendif-labels -Wmissing-include-dirs -Wempty-body -Wnested-externs -Wformat-security -Werror -o /tmp/qemu-conf-7493-4838-7980.exe /tmp/qemu-conf-11426-4838-23104.c -m64 -g
gcc -m64 -D_FORTIFY_SOURCE=2 -D_GNU_SOURCE -D_FILE_OFFSET_BITS=64 -D_LARGEFILE_SOURCE -Wstrict-prototypes -Wredundant-decls -Wall -Wundef -Wwrite-strings -Wmissing-prototypes -fno-strict-aliasing -fstack-protector-all -Wendif-labels -Wmissing-include-dirs -Wempty-body -Wnested-externs -Wformat-security -Wformat-y2k -Werror -o /tmp/qemu-conf-7493-4838-7980.exe /tmp/qemu-conf-11426-4838-23104.c -m64 -g
gcc -m64 -D_FORTIFY_SOURCE=2 -D_GNU_SOURCE -D_FILE_OFFSET_BITS=64 -D_LARGEFILE_SOURCE -Wstrict-prototypes -Wredundant-decls -Wall -Wundef -Wwrite-strings -Wmissing-prototypes -fno-strict-aliasing -fstack-protector-all -Wendif-labels -Wmissing-include-dirs -Wempty-body -Wnested-externs -Wformat-security -Wformat-y2k -Winit-self -Werror -o /tmp/qemu-conf-7493-4838-7980.exe /tmp/qemu-conf-11426-4838-23104.c -m64 -g
gcc -m64 -D_FORTIFY_SOURCE=2 -D_GNU_SOURCE -D_FILE_OFFSET_BITS=64 -D_LARGEFILE_SOURCE -Wstrict-prototypes -Wredundant-decls -Wall -Wundef -Wwrite-strings -Wmissing-prototypes -fno-strict-aliasing -fstack-protector-all -Wendif-labels -Wmissing-include-dirs -Wempty-body -Wnested-externs -Wformat-security -Wformat-y2k -Winit-self -Wignored-qualifiers -Werror -o /tmp/qemu-conf-7493-4838-7980.exe /tmp/qemu-conf-11426-4838-23104.c -m64 -g
gcc -m64 -D_FORTIFY_SOURCE=2 -D_GNU_SOURCE -D_FILE_OFFSET_BITS=64 -D_LARGEFILE_SOURCE -Wstrict-prototypes -Wredundant-decls -Wall -Wundef -Wwrite-strings -Wmissing-prototypes -fno-strict-aliasing -fstack-protector-all -Wendif-labels -Wmissing-include-dirs -Wempty-body -Wnested-externs -Wformat-security -Wformat-y2k -Winit-self -Wignored-qualifiers -Wold-style-declaration -Werror -o /tmp/qemu-conf-7493-4838-7980.exe /tmp/qemu-conf-11426-4838-23104.c -m64 -g
gcc -m64 -D_FORTIFY_SOURCE=2 -D_GNU_SOURCE -D_FILE_OFFSET_BITS=64 -D_LARGEFILE_SOURCE -Wstrict-prototypes -Wredundant-decls -Wall -Wundef -Wwrite-strings -Wmissing-prototypes -fno-strict-aliasing -fstack-protector-all -Wendif-labels -Wmissing-include-dirs -Wempty-body -Wnested-externs -Wformat-security -Wformat-y2k -Winit-self -Wignored-qualifiers -Wold-style-declaration -Wold-style-definition -Werror -o /tmp/qemu-conf-7493-4838-7980.exe /tmp/qemu-conf-11426-4838-23104.c -m64 -g
gcc -m64 -D_FORTIFY_SOURCE=2 -D_GNU_SOURCE -D_FILE_OFFSET_BITS=64 -D_LARGEFILE_SOURCE -Wstrict-prototypes -Wredundant-decls -Wall -Wundef -Wwrite-strings -Wmissing-prototypes -fno-strict-aliasing -fstack-protector-all -Wendif-labels -Wmissing-include-dirs -Wempty-body -Wnested-externs -Wformat-security -Wformat-y2k -Winit-self -Wignored-qualifiers -Wold-style-declaration -Wold-style-definition -Wtype-limits -Werror -o /tmp/qemu-conf-7493-4838-7980.exe /tmp/qemu-conf-11426-4838-23104.c -m64 -g
gcc -m64 -D_FORTIFY_SOURCE=2 -D_GNU_SOURCE -D_FILE_OFFSET_BITS=64 -D_LARGEFILE_SOURCE -Wstrict-prototypes -Wredundant-decls -Wall -Wundef -Wwrite-strings -Wmissing-prototypes -fno-strict-aliasing -fstack-protector-all -Wendif-labels -Wmissing-include-dirs -Wempty-body -Wnested-externs -Wformat-security -Wformat-y2k -Winit-self -Wignored-qualifiers -Wold-style-declaration -Wold-style-definition -Wtype-limits -fPIE -DPIE -o /tmp/qemu-conf-7493-4838-7980.exe /tmp/qemu-conf-11426-4838-23104.c -m64 -g -pie
gcc -fPIE -DPIE -m64 -D_FORTIFY_SOURCE=2 -D_GNU_SOURCE -D_FILE_OFFSET_BITS=64 -D_LARGEFILE_SOURCE -Wstrict-prototypes -Wredundant-decls -Wall -Wundef -Wwrite-strings -Wmissing-prototypes -fno-strict-aliasing -fstack-protector-all -Wendif-labels -Wmissing-include-dirs -Wempty-body -Wnested-externs -Wformat-security -Wformat-y2k -Winit-self -Wignored-qualifiers -Wold-style-declaration -Wold-style-definition -Wtype-limits -o /tmp/qemu-conf-7493-4838-7980.exe /tmp/qemu-conf-11426-4838-23104.c -pie -m64 -g -Wl,-z,relro -Wl,-z,now
gcc -fPIE -DPIE -m64 -D_FORTIFY_SOURCE=2 -D_GNU_SOURCE -D_FILE_OFFSET_BITS=64 -D_LARGEFILE_SOURCE -Wstrict-prototypes -Wredundant-decls -Wall -Wundef -Wwrite-strings -Wmissing-prototypes -fno-strict-aliasing -fstack-protector-all -Wendif-labels -Wmissing-include-dirs -Wempty-body -Wnested-externs -Wformat-security -Wformat-y2k -Winit-self -Wignored-qualifiers -Wold-style-declaration -Wold-style-definition -Wtype-limits -o /tmp/qemu-conf-7493-4838-7980.exe /tmp/qemu-conf-11426-4838-23104.c -Wl,-z,relro -Wl,-z,now -pie -m64 -g
gcc -fPIE -DPIE -m64 -D_FORTIFY_SOURCE=2 -D_GNU_SOURCE -D_FILE_OFFSET_BITS=64 -D_LARGEFILE_SOURCE -Wstrict-prototypes -Wredundant-decls -Wall -Wundef -Wwrite-strings -Wmissing-prototypes -fno-strict-aliasing -fstack-protector-all -Wendif-labels -Wmissing-include-dirs -Wempty-body -Wnested-externs -Wformat-security -Wformat-y2k -Winit-self -Wignored-qualifiers -Wold-style-declaration -Wold-style-definition -Wtype-limits -c -o /tmp/qemu-conf-12963-4838-9604.o /tmp/qemu-conf-11426-4838-23104.c
gcc -fPIE -DPIE -m64 -D_FORTIFY_SOURCE=2 -D_GNU_SOURCE -D_FILE_OFFSET_BITS=64 -D_LARGEFILE_SOURCE -Wstrict-prototypes -Wredundant-decls -Wall -Wundef -Wwrite-strings -Wmissing-prototypes -fno-strict-aliasing -fstack-protector-all -Wendif-labels -Wmissing-include-dirs -Wempty-body -Wnested-externs -Wformat-security -Wformat-y2k -Winit-self -Wignored-qualifiers -Wold-style-declaration -Wold-style-definition -Wtype-limits -c -o /tmp/qemu-conf-12963-4838-9604.o /tmp/qemu-conf-11426-4838-23104.c
/tmp/qemu-conf-11426-4838-23104.c:3:6: 警告： 函数声明不是一个原型 [-Wstrict-prototypes]
/tmp/qemu-conf-11426-4838-23104.c: 在函数‘foo’中:
/tmp/qemu-conf-11426-4838-23104.c:3:6: 警告： 旧式的函数定义 [-Wold-style-definition]
gcc -fPIE -DPIE -m64 -D_FORTIFY_SOURCE=2 -D_GNU_SOURCE -D_FILE_OFFSET_BITS=64 -D_LARGEFILE_SOURCE -Wstrict-prototypes -Wredundant-decls -Wall -Wundef -Wwrite-strings -Wmissing-prototypes -fno-strict-aliasing -fstack-protector-all -Wendif-labels -Wmissing-include-dirs -Wempty-body -Wnested-externs -Wformat-security -Wformat-y2k -Winit-self -Wignored-qualifiers -Wold-style-declaration -Wold-style-definition -Wtype-limits -o /tmp/qemu-conf-7493-4838-7980.exe /tmp/qemu-conf-11426-4838-23104.c -Wl,-z,relro -Wl,-z,now -pie -m64 -g -lz
gcc -fPIE -DPIE -m64 -D_FORTIFY_SOURCE=2 -D_GNU_SOURCE -D_FILE_OFFSET_BITS=64 -D_LARGEFILE_SOURCE -Wstrict-prototypes -Wredundant-decls -Wall -Wundef -Wwrite-strings -Wmissing-prototypes -fno-strict-aliasing -fstack-protector-all -Wendif-labels -Wmissing-include-dirs -Wempty-body -Wnested-externs -Wformat-security -Wformat-y2k -Winit-self -Wignored-qualifiers -Wold-style-declaration -Wold-style-definition -Wtype-limits -o /tmp/qemu-conf-7493-4838-7980.exe /tmp/qemu-conf-11426-4838-23104.c -Wl,-z,relro -Wl,-z,now -pie -m64 -g -lxenstore -lxenctrl -lxenguest
/tmp/qemu-conf-11426-4838-23104.c:1:21: 致命错误： xenctrl.h：没有那个文件或目录
编译中断。
gcc -fPIE -DPIE -m64 -D_FORTIFY_SOURCE=2 -D_GNU_SOURCE -D_FILE_OFFSET_BITS=64 -D_LARGEFILE_SOURCE -Wstrict-prototypes -Wredundant-decls -Wall -Wundef -Wwrite-strings -Wmissing-prototypes -fno-strict-aliasing -fstack-protector-all -Wendif-labels -Wmissing-include-dirs -Wempty-body -Wnested-externs -Wformat-security -Wformat-y2k -Winit-self -Wignored-qualifiers -Wold-style-declaration -Wold-style-definition -Wtype-limits -o /tmp/qemu-conf-7493-4838-7980.exe /tmp/qemu-conf-11426-4838-23104.c -Wl,-z,relro -Wl,-z,now -pie -m64 -g -lxenstore -lxenctrl -lxenguest
/tmp/qemu-conf-11426-4838-23104.c:1:21: 致命错误： xenctrl.h：没有那个文件或目录
编译中断。
gcc -fPIE -DPIE -m64 -D_FORTIFY_SOURCE=2 -D_GNU_SOURCE -D_FILE_OFFSET_BITS=64 -D_LARGEFILE_SOURCE -Wstrict-prototypes -Wredundant-decls -Wall -Wundef -Wwrite-strings -Wmissing-prototypes -fno-strict-aliasing -fstack-protector-all -Wendif-labels -Wmissing-include-dirs -Wempty-body -Wnested-externs -Wformat-security -Wformat-y2k -Winit-self -Wignored-qualifiers -Wold-style-declaration -Wold-style-definition -Wtype-limits -o /tmp/qemu-conf-7493-4838-7980.exe /tmp/qemu-conf-11426-4838-23104.c -Wl,-z,relro -Wl,-z,now -pie -m64 -g -lxenstore -lxenctrl -lxenguest
/tmp/qemu-conf-11426-4838-23104.c:1:21: 致命错误： xenctrl.h：没有那个文件或目录
编译中断。
gcc -fPIE -DPIE -m64 -D_FORTIFY_SOURCE=2 -D_GNU_SOURCE -D_FILE_OFFSET_BITS=64 -D_LARGEFILE_SOURCE -Wstrict-prototypes -Wredundant-decls -Wall -Wundef -Wwrite-strings -Wmissing-prototypes -fno-strict-aliasing -fstack-protector-all -Wendif-labels -Wmissing-include-dirs -Wempty-body -Wnested-externs -Wformat-security -Wformat-y2k -Winit-self -Wignored-qualifiers -Wold-style-declaration -Wold-style-definition -Wtype-limits -o /tmp/qemu-conf-7493-4838-7980.exe /tmp/qemu-conf-11426-4838-23104.c -Wl,-z,relro -Wl,-z,now -pie -m64 -g -lxenstore -lxenctrl -lxenguest
/tmp/qemu-conf-11426-4838-23104.c:1:21: 致命错误： xenctrl.h：没有那个文件或目录
编译中断。
gcc -fPIE -DPIE -m64 -D_FORTIFY_SOURCE=2 -D_GNU_SOURCE -D_FILE_OFFSET_BITS=64 -D_LARGEFILE_SOURCE -Wstrict-prototypes -Wredundant-decls -Wall -Wundef -Wwrite-strings -Wmissing-prototypes -fno-strict-aliasing -fstack-protector-all -Wendif-labels -Wmissing-include-dirs -Wempty-body -Wnested-externs -Wformat-security -Wformat-y2k -Winit-self -Wignored-qualifiers -Wold-style-declaration -Wold-style-definition -Wtype-limits -D_GNU_SOURCE=1 -D_REENTRANT -I/usr/include/SDL -o /tmp/qemu-conf-7493-4838-7980.exe /tmp/qemu-conf-11426-4838-23104.c -Wl,-z,relro -Wl,-z,now -pie -m64 -g -lSDL
gcc -fPIE -DPIE -m64 -D_FORTIFY_SOURCE=2 -D_GNU_SOURCE -D_FILE_OFFSET_BITS=64 -D_LARGEFILE_SOURCE -Wstrict-prototypes -Wredundant-decls -Wall -Wundef -Wwrite-strings -Wmissing-prototypes -fno-strict-aliasing -fstack-protector-all -Wendif-labels -Wmissing-include-dirs -Wempty-body -Wnested-externs -Wformat-security -Wformat-y2k -Winit-self -Wignored-qualifiers -Wold-style-declaration -Wold-style-definition -Wtype-limits -D_GNU_SOURCE=1 -D_REENTRANT -I/usr/include/SDL -o /tmp/qemu-conf-7493-4838-7980.exe /tmp/qemu-conf-11426-4838-23104.c -Wl,-z,relro -Wl,-z,now -pie -m64 -g -lSDL
gcc -fPIE -DPIE -m64 -D_FORTIFY_SOURCE=2 -D_GNU_SOURCE -D_FILE_OFFSET_BITS=64 -D_LARGEFILE_SOURCE -Wstrict-prototypes -Wredundant-decls -Wall -Wundef -Wwrite-strings -Wmissing-prototypes -fno-strict-aliasing -fstack-protector-all -Wendif-labels -Wmissing-include-dirs -Wempty-body -Wnested-externs -Wformat-security -Wformat-y2k -Winit-self -Wignored-qualifiers -Wold-style-declaration -Wold-style-definition -Wtype-limits -I/usr/include/p11-kit-1 -o /tmp/qemu-conf-7493-4838-7980.exe /tmp/qemu-conf-11426-4838-23104.c -Wl,-z,relro -Wl,-z,now -pie -m64 -g -lgnutls
gcc -fPIE -DPIE -m64 -D_FORTIFY_SOURCE=2 -D_GNU_SOURCE -D_FILE_OFFSET_BITS=64 -D_LARGEFILE_SOURCE -Wstrict-prototypes -Wredundant-decls -Wall -Wundef -Wwrite-strings -Wmissing-prototypes -fno-strict-aliasing -fstack-protector-all -Wendif-labels -Wmissing-include-dirs -Wempty-body -Wnested-externs -Wformat-security -Wformat-y2k -Winit-self -Wignored-qualifiers -Wold-style-declaration -Wold-style-definition -Wtype-limits -o /tmp/qemu-conf-7493-4838-7980.exe /tmp/qemu-conf-11426-4838-23104.c -Wl,-z,relro -Wl,-z,now -pie -m64 -g -lsasl2
gcc -fPIE -DPIE -m64 -D_FORTIFY_SOURCE=2 -D_GNU_SOURCE -D_FILE_OFFSET_BITS=64 -D_LARGEFILE_SOURCE -Wstrict-prototypes -Wredundant-decls -Wall -Wundef -Wwrite-strings -Wmissing-prototypes -fno-strict-aliasing -fstack-protector-all -Wendif-labels -Wmissing-include-dirs -Wempty-body -Wnested-externs -Wformat-security -Wformat-y2k -Winit-self -Wignored-qualifiers -Wold-style-declaration -Wold-style-definition -Wtype-limits -o /tmp/qemu-conf-7493-4838-7980.exe /tmp/qemu-conf-11426-4838-23104.c -Wl,-z,relro -Wl,-z,now -pie -m64 -g -ljpeg
gcc -fPIE -DPIE -m64 -D_FORTIFY_SOURCE=2 -D_GNU_SOURCE -D_FILE_OFFSET_BITS=64 -D_LARGEFILE_SOURCE -Wstrict-prototypes -Wredundant-decls -Wall -Wundef -Wwrite-strings -Wmissing-prototypes -fno-strict-aliasing -fstack-protector-all -Wendif-labels -Wmissing-include-dirs -Wempty-body -Wnested-externs -Wformat-security -Wformat-y2k -Winit-self -Wignored-qualifiers -Wold-style-declaration -Wold-style-definition -Wtype-limits -I/usr/include/libpng12 -o /tmp/qemu-conf-7493-4838-7980.exe /tmp/qemu-conf-11426-4838-23104.c -Wl,-z,relro -Wl,-z,now -pie -m64 -g -lpng12
/tmp/qemu-conf-11426-4838-23104.c: 在函数‘main’中:
/tmp/qemu-conf-11426-4838-23104.c:5:17: 警告： 变量‘png_ptr’被设定但未被使用 [-Wunused-but-set-variable]
gcc -fPIE -DPIE -m64 -D_FORTIFY_SOURCE=2 -D_GNU_SOURCE -D_FILE_OFFSET_BITS=64 -D_LARGEFILE_SOURCE -Wstrict-prototypes -Wredundant-decls -Wall -Wundef -Wwrite-strings -Wmissing-prototypes -fno-strict-aliasing -fstack-protector-all -Wendif-labels -Wmissing-include-dirs -Wempty-body -Wnested-externs -Wformat-security -Wformat-y2k -Winit-self -Wignored-qualifiers -Wold-style-declaration -Wold-style-definition -Wtype-limits -I/usr/include/libpng12 -o /tmp/qemu-conf-7493-4838-7980.exe /tmp/qemu-conf-11426-4838-23104.c -Wl,-z,relro -Wl,-z,now -pie -m64 -g
gcc -fPIE -DPIE -m64 -D_FORTIFY_SOURCE=2 -D_GNU_SOURCE -D_FILE_OFFSET_BITS=64 -D_LARGEFILE_SOURCE -Wstrict-prototypes -Wredundant-decls -Wall -Wundef -Wwrite-strings -Wmissing-prototypes -fno-strict-aliasing -fstack-protector-all -Wendif-labels -Wmissing-include-dirs -Wempty-body -Wnested-externs -Wformat-security -Wformat-y2k -Winit-self -Wignored-qualifiers -Wold-style-declaration -Wold-style-definition -Wtype-limits -I/usr/include/libpng12 -o /tmp/qemu-conf-7493-4838-7980.exe /tmp/qemu-conf-11426-4838-23104.c -Wl,-z,relro -Wl,-z,now -pie -m64 -g -luuid
gcc -fPIE -DPIE -m64 -D_FORTIFY_SOURCE=2 -D_GNU_SOURCE -D_FILE_OFFSET_BITS=64 -D_LARGEFILE_SOURCE -Wstrict-prototypes -Wredundant-decls -Wall -Wundef -Wwrite-strings -Wmissing-prototypes -fno-strict-aliasing -fstack-protector-all -Wendif-labels -Wmissing-include-dirs -Wempty-body -Wnested-externs -Wformat-security -Wformat-y2k -Winit-self -Wignored-qualifiers -Wold-style-declaration -Wold-style-definition -Wtype-limits -I/usr/include/libpng12 -o /tmp/qemu-conf-7493-4838-7980.exe /tmp/qemu-conf-11426-4838-23104.c -Wl,-z,relro -Wl,-z,now -pie -m64 -g
/tmp/qemu-conf-11426-4838-23104.c:1:21: 致命错误： xfs/xfs.h：没有那个文件或目录
编译中断。
gcc -fPIE -DPIE -m64 -D_FORTIFY_SOURCE=2 -D_GNU_SOURCE -D_FILE_OFFSET_BITS=64 -D_LARGEFILE_SOURCE -Wstrict-prototypes -Wredundant-decls -Wall -Wundef -Wwrite-strings -Wmissing-prototypes -fno-strict-aliasing -fstack-protector-all -Wendif-labels -Wmissing-include-dirs -Wempty-body -Wnested-externs -Wformat-security -Wformat-y2k -Winit-self -Wignored-qualifiers -Wold-style-declaration -Wold-style-definition -Wtype-limits -I/usr/include/libpng12 -o /tmp/qemu-conf-7493-4838-7980.exe /tmp/qemu-conf-11426-4838-23104.c -Wl,-z,relro -Wl,-z,now -pie -m64 -g -lvdeplug
/tmp/qemu-conf-11426-4838-23104.c:1:24: 致命错误： libvdeplug.h：没有那个文件或目录
编译中断。
gcc -fPIE -DPIE -m64 -D_FORTIFY_SOURCE=2 -D_GNU_SOURCE -D_FILE_OFFSET_BITS=64 -D_LARGEFILE_SOURCE -Wstrict-prototypes -Wredundant-decls -Wall -Wundef -Wwrite-strings -Wmissing-prototypes -fno-strict-aliasing -fstack-protector-all -Wendif-labels -Wmissing-include-dirs -Wempty-body -Wnested-externs -Wformat-security -Wformat-y2k -Winit-self -Wignored-qualifiers -Wold-style-declaration -Wold-style-definition -Wtype-limits -I/usr/include/libpng12 -o /tmp/qemu-conf-7493-4838-7980.exe /tmp/qemu-conf-11426-4838-23104.c -Wl,-z,relro -Wl,-z,now -pie -m64 -g -lbrlapi
/tmp/qemu-conf-11426-4838-23104.c:1:20: 致命错误： brlapi.h：没有那个文件或目录
编译中断。
gcc -fPIE -DPIE -m64 -D_FORTIFY_SOURCE=2 -D_GNU_SOURCE -D_FILE_OFFSET_BITS=64 -D_LARGEFILE_SOURCE -Wstrict-prototypes -Wredundant-decls -Wall -Wundef -Wwrite-strings -Wmissing-prototypes -fno-strict-aliasing -fstack-protector-all -Wendif-labels -Wmissing-include-dirs -Wempty-body -Wnested-externs -Wformat-security -Wformat-y2k -Winit-self -Wignored-qualifiers -Wold-style-declaration -Wold-style-definition -Wtype-limits -I/usr/include/libpng12 -o /tmp/qemu-conf-7493-4838-7980.exe /tmp/qemu-conf-11426-4838-23104.c -Wl,-z,relro -Wl,-z,now -pie -m64 -g -lncurses
/tmp/qemu-conf-11426-4838-23104.c: 在函数‘main’中:
/tmp/qemu-conf-11426-4838-23104.c:5:37: 警告： 返回时将指针赋给整数，未作类型转换 [默认启用]
gcc -fPIE -DPIE -m64 -D_FORTIFY_SOURCE=2 -D_GNU_SOURCE -D_FILE_OFFSET_BITS=64 -D_LARGEFILE_SOURCE -Wstrict-prototypes -Wredundant-decls -Wall -Wundef -Wwrite-strings -Wmissing-prototypes -fno-strict-aliasing -fstack-protector-all -Wendif-labels -Wmissing-include-dirs -Wempty-body -Wnested-externs -Wformat-security -Wformat-y2k -Winit-self -Wignored-qualifiers -Wold-style-declaration -Wold-style-definition -Wtype-limits -I/usr/include/libpng12 -o /tmp/qemu-conf-7493-4838-7980.exe /tmp/qemu-conf-11426-4838-23104.c -Wl,-z,relro -Wl,-z,now -pie -m64 -g -lcurl
gcc -fPIE -DPIE -m64 -D_FORTIFY_SOURCE=2 -D_GNU_SOURCE -D_FILE_OFFSET_BITS=64 -D_LARGEFILE_SOURCE -Wstrict-prototypes -Wredundant-decls -Wall -Wundef -Wwrite-strings -Wmissing-prototypes -fno-strict-aliasing -fstack-protector-all -Wendif-labels -Wmissing-include-dirs -Wempty-body -Wnested-externs -Wformat-security -Wformat-y2k -Winit-self -Wignored-qualifiers -Wold-style-declaration -Wold-style-definition -Wtype-limits -I/usr/include/libpng12 -o /tmp/qemu-conf-7493-4838-7980.exe /tmp/qemu-conf-11426-4838-23104.c -Wl,-z,relro -Wl,-z,now -pie -m64 -g
/tmp/qemu-conf-11426-4838-23104.c:1:19: 致命错误： check.h：没有那个文件或目录
编译中断。
gcc -fPIE -DPIE -m64 -D_FORTIFY_SOURCE=2 -D_GNU_SOURCE -D_FILE_OFFSET_BITS=64 -D_LARGEFILE_SOURCE -Wstrict-prototypes -Wredundant-decls -Wall -Wundef -Wwrite-strings -Wmissing-prototypes -fno-strict-aliasing -fstack-protector-all -Wendif-labels -Wmissing-include-dirs -Wempty-body -Wnested-externs -Wformat-security -Wformat-y2k -Winit-self -Wignored-qualifiers -Wold-style-declaration -Wold-style-definition -Wtype-limits -I/usr/include/libpng12 -o /tmp/qemu-conf-7493-4838-7980.exe /tmp/qemu-conf-11426-4838-23104.c -Wl,-z,relro -Wl,-z,now -pie -m64 -g
/tmp/qemu-conf-11426-4838-23104.c:1:33: 致命错误： bluetooth/bluetooth.h：没有那个文件或目录
编译中断。
gcc -fPIE -DPIE -m64 -D_FORTIFY_SOURCE=2 -D_GNU_SOURCE -D_FILE_OFFSET_BITS=64 -D_LARGEFILE_SOURCE -Wstrict-prototypes -Wredundant-decls -Wall -Wundef -Wwrite-strings -Wmissing-prototypes -fno-strict-aliasing -fstack-protector-all -Wendif-labels -Wmissing-include-dirs -Wempty-body -Wnested-externs -Wformat-security -Wformat-y2k -Winit-self -Wignored-qualifiers -Wold-style-declaration -Wold-style-definition -Wtype-limits -I/usr/include/libpng12 -o /tmp/qemu-conf-7493-4838-7980.exe /tmp/qemu-conf-11426-4838-23104.c -Wl,-z,relro -Wl,-z,now -pie -m64 -g
/tmp/qemu-conf-11426-4838-23104.c: 在函数‘main’中:
/tmp/qemu-conf-11426-4838-23104.c:2:1: 警告： 实参为 NULL，需要非 NULL 值(实参 1) [-Wnonnull]
/tmp/qemu-conf-11426-4838-23104.c:2:1: 警告： 实参为 NULL，需要非 NULL 值(实参 3) [-Wnonnull]
/tmp/cchgrURO.o: In function `main':
/tmp/qemu-conf-11426-4838-23104.c:2: undefined reference to `pthread_create'
collect2: ld 返回 1
gcc -fPIE -DPIE -m64 -D_FORTIFY_SOURCE=2 -D_GNU_SOURCE -D_FILE_OFFSET_BITS=64 -D_LARGEFILE_SOURCE -Wstrict-prototypes -Wredundant-decls -Wall -Wundef -Wwrite-strings -Wmissing-prototypes -fno-strict-aliasing -fstack-protector-all -Wendif-labels -Wmissing-include-dirs -Wempty-body -Wnested-externs -Wformat-security -Wformat-y2k -Winit-self -Wignored-qualifiers -Wold-style-declaration -Wold-style-definition -Wtype-limits -I/usr/include/libpng12 -o /tmp/qemu-conf-7493-4838-7980.exe /tmp/qemu-conf-11426-4838-23104.c -Wl,-z,relro -Wl,-z,now -pie -m64 -g -pthread
/tmp/qemu-conf-11426-4838-23104.c: 在函数‘main’中:
/tmp/qemu-conf-11426-4838-23104.c:2:1: 警告： 实参为 NULL，需要非 NULL 值(实参 1) [-Wnonnull]
/tmp/qemu-conf-11426-4838-23104.c:2:1: 警告： 实参为 NULL，需要非 NULL 值(实参 3) [-Wnonnull]
gcc -fPIE -DPIE -m64 -D_FORTIFY_SOURCE=2 -D_GNU_SOURCE -D_FILE_OFFSET_BITS=64 -D_LARGEFILE_SOURCE -Wstrict-prototypes -Wredundant-decls -Wall -Wundef -Wwrite-strings -Wmissing-prototypes -fno-strict-aliasing -fstack-protector-all -Wendif-labels -Wmissing-include-dirs -Wempty-body -Wnested-externs -Wformat-security -Wformat-y2k -Winit-self -Wignored-qualifiers -Wold-style-declaration -Wold-style-definition -Wtype-limits -I/usr/include/libpng12 -o /tmp/qemu-conf-7493-4838-7980.exe /tmp/qemu-conf-11426-4838-23104.c -Wl,-z,relro -Wl,-z,now -pie -m64 -g -lrbd -lrados
gcc -fPIE -DPIE -m64 -D_FORTIFY_SOURCE=2 -D_GNU_SOURCE -D_FILE_OFFSET_BITS=64 -D_LARGEFILE_SOURCE -Wstrict-prototypes -Wredundant-decls -Wall -Wundef -Wwrite-strings -Wmissing-prototypes -fno-strict-aliasing -fstack-protector-all -Wendif-labels -Wmissing-include-dirs -Wempty-body -Wnested-externs -Wformat-security -Wformat-y2k -Winit-self -Wignored-qualifiers -Wold-style-declaration -Wold-style-definition -Wtype-limits -I/usr/include/libpng12 -o /tmp/qemu-conf-7493-4838-7980.exe /tmp/qemu-conf-11426-4838-23104.c -Wl,-z,relro -Wl,-z,now -pie -m64 -g -laio
gcc -fPIE -DPIE -m64 -D_FORTIFY_SOURCE=2 -D_GNU_SOURCE -D_FILE_OFFSET_BITS=64 -D_LARGEFILE_SOURCE -Wstrict-prototypes -Wredundant-decls -Wall -Wundef -Wwrite-strings -Wmissing-prototypes -fno-strict-aliasing -fstack-protector-all -Wendif-labels -Wmissing-include-dirs -Wempty-body -Wnested-externs -Wformat-security -Wformat-y2k -Winit-self -Wignored-qualifiers -Wold-style-declaration -Wold-style-definition -Wtype-limits -I/usr/include/libpng12 -o /tmp/qemu-conf-7493-4838-7980.exe /tmp/qemu-conf-11426-4838-23104.c -Wl,-z,relro -Wl,-z,now -pie -m64 -g
gcc -fPIE -DPIE -m64 -D_FORTIFY_SOURCE=2 -D_GNU_SOURCE -D_FILE_OFFSET_BITS=64 -D_LARGEFILE_SOURCE -Wstrict-prototypes -Wredundant-decls -Wall -Wundef -Wwrite-strings -Wmissing-prototypes -fno-strict-aliasing -fstack-protector-all -Wendif-labels -Wmissing-include-dirs -Wempty-body -Wnested-externs -Wformat-security -Wformat-y2k -Winit-self -Wignored-qualifiers -Wold-style-declaration -Wold-style-definition -Wtype-limits -I/usr/include/libpng12 -o /tmp/qemu-conf-7493-4838-7980.exe /tmp/qemu-conf-11426-4838-23104.c -Wl,-z,relro -Wl,-z,now -pie -m64 -g
/tmp/qemu-conf-11426-4838-23104.c: 在函数‘main’中:
/tmp/qemu-conf-11426-4838-23104.c:4:31: 警告： 未使用的变量‘iov’ [-Wunused-variable]
gcc -fPIE -DPIE -m64 -D_FORTIFY_SOURCE=2 -D_GNU_SOURCE -D_FILE_OFFSET_BITS=64 -D_LARGEFILE_SOURCE -Wstrict-prototypes -Wredundant-decls -Wall -Wundef -Wwrite-strings -Wmissing-prototypes -fno-strict-aliasing -fstack-protector-all -Wendif-labels -Wmissing-include-dirs -Wempty-body -Wnested-externs -Wformat-security -Wformat-y2k -Winit-self -Wignored-qualifiers -Wold-style-declaration -Wold-style-definition -Wtype-limits -I/usr/include/libpng12 -o /tmp/qemu-conf-7493-4838-7980.exe /tmp/qemu-conf-11426-4838-23104.c -Wl,-z,relro -Wl,-z,now -pie -m64 -g
/tmp/qemu-conf-11426-4838-23104.c: 在函数‘main’中:
/tmp/qemu-conf-11426-4838-23104.c:4:18: 警告： 语句不起作用 [-Wunused-value]
/tmp/qemu-conf-11426-4838-23104.c:4:1: 警告： 在有返回值的函数中，控制流程到达函数尾 [-Wreturn-type]
gcc -fPIE -DPIE -m64 -D_FORTIFY_SOURCE=2 -D_GNU_SOURCE -D_FILE_OFFSET_BITS=64 -D_LARGEFILE_SOURCE -Wstrict-prototypes -Wredundant-decls -Wall -Wundef -Wwrite-strings -Wmissing-prototypes -fno-strict-aliasing -fstack-protector-all -Wendif-labels -Wmissing-include-dirs -Wempty-body -Wnested-externs -Wformat-security -Wformat-y2k -Winit-self -Wignored-qualifiers -Wold-style-declaration -Wold-style-definition -Wtype-limits -I/usr/include/libpng12 -o /tmp/qemu-conf-7493-4838-7980.exe /tmp/qemu-conf-11426-4838-23104.c -Wl,-z,relro -Wl,-z,now -pie -m64 -g -lfdt
/usr/bin/ld.bfd.real: cannot find -lfdt
collect2: ld 返回 1
gcc -fPIE -DPIE -m64 -D_FORTIFY_SOURCE=2 -D_GNU_SOURCE -D_FILE_OFFSET_BITS=64 -D_LARGEFILE_SOURCE -Wstrict-prototypes -Wredundant-decls -Wall -Wundef -Wwrite-strings -Wmissing-prototypes -fno-strict-aliasing -fstack-protector-all -Wendif-labels -Wmissing-include-dirs -Wempty-body -Wnested-externs -Wformat-security -Wformat-y2k -Winit-self -Wignored-qualifiers -Wold-style-declaration -Wold-style-definition -Wtype-limits -I/usr/include/libpng12 -o /tmp/qemu-conf-7493-4838-7980.exe /tmp/qemu-conf-11426-4838-23104.c -Wl,-z,relro -Wl,-z,now -pie -m64 -g -lGL
/tmp/qemu-conf-11426-4838-23104.c: 在函数‘main’中:
/tmp/qemu-conf-11426-4838-23104.c:4:18: 警告： 语句不起作用 [-Wunused-value]
gcc -fPIE -DPIE -m64 -D_FORTIFY_SOURCE=2 -D_GNU_SOURCE -D_FILE_OFFSET_BITS=64 -D_LARGEFILE_SOURCE -Wstrict-prototypes -Wredundant-decls -Wall -Wundef -Wwrite-strings -Wmissing-prototypes -fno-strict-aliasing -fstack-protector-all -Wendif-labels -Wmissing-include-dirs -Wempty-body -Wnested-externs -Wformat-security -Wformat-y2k -Winit-self -Wignored-qualifiers -Wold-style-declaration -Wold-style-definition -Wtype-limits -I/usr/include/libpng12 -o /tmp/qemu-conf-7493-4838-7980.exe /tmp/qemu-conf-11426-4838-23104.c -Wl,-z,relro -Wl,-z,now -pie -m64 -g
gcc -fPIE -DPIE -m64 -D_FORTIFY_SOURCE=2 -D_GNU_SOURCE -D_FILE_OFFSET_BITS=64 -D_LARGEFILE_SOURCE -Wstrict-prototypes -Wredundant-decls -Wall -Wundef -Wwrite-strings -Wmissing-prototypes -fno-strict-aliasing -fstack-protector-all -Wendif-labels -Wmissing-include-dirs -Wempty-body -Wnested-externs -Wformat-security -Wformat-y2k -Winit-self -Wignored-qualifiers -Wold-style-declaration -Wold-style-definition -Wtype-limits -I/usr/include/libpng12 -o /tmp/qemu-conf-7493-4838-7980.exe /tmp/qemu-conf-11426-4838-23104.c -Wl,-z,relro -Wl,-z,now -pie -m64 -g
gcc -fPIE -DPIE -m64 -D_FORTIFY_SOURCE=2 -D_GNU_SOURCE -D_FILE_OFFSET_BITS=64 -D_LARGEFILE_SOURCE -Wstrict-prototypes -Wredundant-decls -Wall -Wundef -Wwrite-strings -Wmissing-prototypes -fno-strict-aliasing -fstack-protector-all -Wendif-labels -Wmissing-include-dirs -Wempty-body -Wnested-externs -Wformat-security -Wformat-y2k -Winit-self -Wignored-qualifiers -Wold-style-declaration -Wold-style-definition -Wtype-limits -I/usr/include/libpng12 -o /tmp/qemu-conf-7493-4838-7980.exe /tmp/qemu-conf-11426-4838-23104.c -Wl,-z,relro -Wl,-z,now -pie -m64 -g
gcc -fPIE -DPIE -m64 -D_FORTIFY_SOURCE=2 -D_GNU_SOURCE -D_FILE_OFFSET_BITS=64 -D_LARGEFILE_SOURCE -Wstrict-prototypes -Wredundant-decls -Wall -Wundef -Wwrite-strings -Wmissing-prototypes -fno-strict-aliasing -fstack-protector-all -Wendif-labels -Wmissing-include-dirs -Wempty-body -Wnested-externs -Wformat-security -Wformat-y2k -Winit-self -Wignored-qualifiers -Wold-style-declaration -Wold-style-definition -Wtype-limits -I/usr/include/libpng12 -o /tmp/qemu-conf-7493-4838-7980.exe /tmp/qemu-conf-11426-4838-23104.c -Wl,-z,relro -Wl,-z,now -pie -m64 -g
/tmp/qemu-conf-11426-4838-23104.c: 在函数‘main’中:
/tmp/qemu-conf-11426-4838-23104.c:7:5: 警告： 隐式声明函数‘utimensat’ [-Wimplicit-function-declaration]
/tmp/qemu-conf-11426-4838-23104.c:7:5: 警告： 对‘utimensat’的嵌套的外部声明 [-Wnested-externs]
/tmp/qemu-conf-11426-4838-23104.c:8:5: 警告： 隐式声明函数‘futimens’ [-Wimplicit-function-declaration]
/tmp/qemu-conf-11426-4838-23104.c:8:5: 警告： 对‘futimens’的嵌套的外部声明 [-Wnested-externs]
gcc -fPIE -DPIE -m64 -D_FORTIFY_SOURCE=2 -D_GNU_SOURCE -D_FILE_OFFSET_BITS=64 -D_LARGEFILE_SOURCE -Wstrict-prototypes -Wredundant-decls -Wall -Wundef -Wwrite-strings -Wmissing-prototypes -fno-strict-aliasing -fstack-protector-all -Wendif-labels -Wmissing-include-dirs -Wempty-body -Wnested-externs -Wformat-security -Wformat-y2k -Winit-self -Wignored-qualifiers -Wold-style-declaration -Wold-style-definition -Wtype-limits -I/usr/include/libpng12 -o /tmp/qemu-conf-7493-4838-7980.exe /tmp/qemu-conf-11426-4838-23104.c -Wl,-z,relro -Wl,-z,now -pie -m64 -g
gcc -fPIE -DPIE -m64 -D_FORTIFY_SOURCE=2 -D_GNU_SOURCE -D_FILE_OFFSET_BITS=64 -D_LARGEFILE_SOURCE -Wstrict-prototypes -Wredundant-decls -Wall -Wundef -Wwrite-strings -Wmissing-prototypes -fno-strict-aliasing -fstack-protector-all -Wendif-labels -Wmissing-include-dirs -Wempty-body -Wnested-externs -Wformat-security -Wformat-y2k -Winit-self -Wignored-qualifiers -Wold-style-declaration -Wold-style-definition -Wtype-limits -I/usr/include/libpng12 -o /tmp/qemu-conf-7493-4838-7980.exe /tmp/qemu-conf-11426-4838-23104.c -Wl,-z,relro -Wl,-z,now -pie -m64 -g
gcc -fPIE -DPIE -m64 -D_FORTIFY_SOURCE=2 -D_GNU_SOURCE -D_FILE_OFFSET_BITS=64 -D_LARGEFILE_SOURCE -Wstrict-prototypes -Wredundant-decls -Wall -Wundef -Wwrite-strings -Wmissing-prototypes -fno-strict-aliasing -fstack-protector-all -Wendif-labels -Wmissing-include-dirs -Wempty-body -Wnested-externs -Wformat-security -Wformat-y2k -Winit-self -Wignored-qualifiers -Wold-style-declaration -Wold-style-definition -Wtype-limits -I/usr/include/libpng12 -o /tmp/qemu-conf-7493-4838-7980.exe /tmp/qemu-conf-11426-4838-23104.c -Wl,-z,relro -Wl,-z,now -pie -m64 -g
/tmp/qemu-conf-11426-4838-23104.c: 在函数‘main’中:
/tmp/qemu-conf-11426-4838-23104.c:9:11: 警告： 此函数中的‘fd’在使用前未初始化 [-Wuninitialized]
gcc -fPIE -DPIE -m64 -D_FORTIFY_SOURCE=2 -D_GNU_SOURCE -D_FILE_OFFSET_BITS=64 -D_LARGEFILE_SOURCE -Wstrict-prototypes -Wredundant-decls -Wall -Wundef -Wwrite-strings -Wmissing-prototypes -fno-strict-aliasing -fstack-protector-all -Wendif-labels -Wmissing-include-dirs -Wempty-body -Wnested-externs -Wformat-security -Wformat-y2k -Winit-self -Wignored-qualifiers -Wold-style-declaration -Wold-style-definition -Wtype-limits -I/usr/include/libpng12 -o /tmp/qemu-conf-7493-4838-7980.exe /tmp/qemu-conf-11426-4838-23104.c -Wl,-z,relro -Wl,-z,now -pie -m64 -g
/tmp/qemu-conf-11426-4838-23104.c:1:0: 警告： “_GNU_SOURCE”重定义 [默认启用]
<命令行>:0:0: 附注： 这是先前定义的位置
gcc -fPIE -DPIE -m64 -D_FORTIFY_SOURCE=2 -D_GNU_SOURCE -D_FILE_OFFSET_BITS=64 -D_LARGEFILE_SOURCE -Wstrict-prototypes -Wredundant-decls -Wall -Wundef -Wwrite-strings -Wmissing-prototypes -fno-strict-aliasing -fstack-protector-all -Wendif-labels -Wmissing-include-dirs -Wempty-body -Wnested-externs -Wformat-security -Wformat-y2k -Winit-self -Wignored-qualifiers -Wold-style-declaration -Wold-style-definition -Wtype-limits -I/usr/include/libpng12 -o /tmp/qemu-conf-7493-4838-7980.exe /tmp/qemu-conf-11426-4838-23104.c -Wl,-z,relro -Wl,-z,now -pie -m64 -g
/tmp/qemu-conf-11426-4838-23104.c: 在函数‘main’中:
/tmp/qemu-conf-11426-4838-23104.c:5:9: 警告： 未使用的变量‘efd’ [-Wunused-variable]
gcc -fPIE -DPIE -m64 -D_FORTIFY_SOURCE=2 -D_GNU_SOURCE -D_FILE_OFFSET_BITS=64 -D_LARGEFILE_SOURCE -Wstrict-prototypes -Wredundant-decls -Wall -Wundef -Wwrite-strings -Wmissing-prototypes -fno-strict-aliasing -fstack-protector-all -Wendif-labels -Wmissing-include-dirs -Wempty-body -Wnested-externs -Wformat-security -Wformat-y2k -Winit-self -Wignored-qualifiers -Wold-style-declaration -Wold-style-definition -Wtype-limits -I/usr/include/libpng12 -o /tmp/qemu-conf-7493-4838-7980.exe /tmp/qemu-conf-11426-4838-23104.c -Wl,-z,relro -Wl,-z,now -pie -m64 -g
gcc -fPIE -DPIE -m64 -D_FORTIFY_SOURCE=2 -D_GNU_SOURCE -D_FILE_OFFSET_BITS=64 -D_LARGEFILE_SOURCE -Wstrict-prototypes -Wredundant-decls -Wall -Wundef -Wwrite-strings -Wmissing-prototypes -fno-strict-aliasing -fstack-protector-all -Wendif-labels -Wmissing-include-dirs -Wempty-body -Wnested-externs -Wformat-security -Wformat-y2k -Winit-self -Wignored-qualifiers -Wold-style-declaration -Wold-style-definition -Wtype-limits -I/usr/include/libpng12 -o /tmp/qemu-conf-7493-4838-7980.exe /tmp/qemu-conf-11426-4838-23104.c -Wl,-z,relro -Wl,-z,now -pie -m64 -g
gcc -fPIE -DPIE -m64 -D_FORTIFY_SOURCE=2 -D_GNU_SOURCE -D_FILE_OFFSET_BITS=64 -D_LARGEFILE_SOURCE -Wstrict-prototypes -Wredundant-decls -Wall -Wundef -Wwrite-strings -Wmissing-prototypes -fno-strict-aliasing -fstack-protector-all -Wendif-labels -Wmissing-include-dirs -Wempty-body -Wnested-externs -Wformat-security -Wformat-y2k -Winit-self -Wignored-qualifiers -Wold-style-declaration -Wold-style-definition -Wtype-limits -I/usr/include/libpng12 -o /tmp/qemu-conf-7493-4838-7980.exe /tmp/qemu-conf-11426-4838-23104.c -Wl,-z,relro -Wl,-z,now -pie -m64 -g
gcc -fPIE -DPIE -m64 -D_FORTIFY_SOURCE=2 -D_GNU_SOURCE -D_FILE_OFFSET_BITS=64 -D_LARGEFILE_SOURCE -Wstrict-prototypes -Wredundant-decls -Wall -Wundef -Wwrite-strings -Wmissing-prototypes -fno-strict-aliasing -fstack-protector-all -Wendif-labels -Wmissing-include-dirs -Wempty-body -Wnested-externs -Wformat-security -Wformat-y2k -Winit-self -Wignored-qualifiers -Wold-style-declaration -Wold-style-definition -Wtype-limits -I/usr/include/libpng12 -o /tmp/qemu-conf-7493-4838-7980.exe /tmp/qemu-conf-11426-4838-23104.c -Wl,-z,relro -Wl,-z,now -pie -m64 -g
gcc -fPIE -DPIE -m64 -D_FORTIFY_SOURCE=2 -D_GNU_SOURCE -D_FILE_OFFSET_BITS=64 -D_LARGEFILE_SOURCE -Wstrict-prototypes -Wredundant-decls -Wall -Wundef -Wwrite-strings -Wmissing-prototypes -fno-strict-aliasing -fstack-protector-all -Wendif-labels -Wmissing-include-dirs -Wempty-body -Wnested-externs -Wformat-security -Wformat-y2k -Winit-self -Wignored-qualifiers -Wold-style-declaration -Wold-style-definition -Wtype-limits -I/usr/include/libpng12 -o /tmp/qemu-conf-7493-4838-7980.exe /tmp/qemu-conf-11426-4838-23104.c -Wl,-z,relro -Wl,-z,now -pie -m64 -g
gcc -fPIE -DPIE -m64 -D_FORTIFY_SOURCE=2 -D_GNU_SOURCE -D_FILE_OFFSET_BITS=64 -D_LARGEFILE_SOURCE -Wstrict-prototypes -Wredundant-decls -Wall -Wundef -Wwrite-strings -Wmissing-prototypes -fno-strict-aliasing -fstack-protector-all -Wendif-labels -Wmissing-include-dirs -Wempty-body -Wnested-externs -Wformat-security -Wformat-y2k -Winit-self -Wignored-qualifiers -Wold-style-declaration -Wold-style-definition -Wtype-limits -I/usr/include/libpng12 -o /tmp/qemu-conf-7493-4838-7980.exe /tmp/qemu-conf-11426-4838-23104.c -Wl,-z,relro -Wl,-z,now -pie -m64 -g
/tmp/qemu-conf-11426-4838-23104.c: 在函数‘main’中:
/tmp/qemu-conf-11426-4838-23104.c:13:5: 警告： 语句不起作用 [-Wunused-value]
gcc -fPIE -DPIE -m64 -D_FORTIFY_SOURCE=2 -D_GNU_SOURCE -D_FILE_OFFSET_BITS=64 -D_LARGEFILE_SOURCE -Wstrict-prototypes -Wredundant-decls -Wall -Wundef -Wwrite-strings -Wmissing-prototypes -fno-strict-aliasing -fstack-protector-all -Wendif-labels -Wmissing-include-dirs -Wempty-body -Wnested-externs -Wformat-security -Wformat-y2k -Winit-self -Wignored-qualifiers -Wold-style-declaration -Wold-style-definition -Wtype-limits -I/usr/include/libpng12 -o /tmp/qemu-conf-7493-4838-7980.exe /tmp/qemu-conf-11426-4838-23104.c -Wl,-z,relro -Wl,-z,now -pie -m64 -g
gcc -fPIE -DPIE -m64 -D_FORTIFY_SOURCE=2 -D_GNU_SOURCE -D_FILE_OFFSET_BITS=64 -D_LARGEFILE_SOURCE -Wstrict-prototypes -Wredundant-decls -Wall -Wundef -Wwrite-strings -Wmissing-prototypes -fno-strict-aliasing -fstack-protector-all -Wendif-labels -Wmissing-include-dirs -Wempty-body -Wnested-externs -Wformat-security -Wformat-y2k -Winit-self -Wignored-qualifiers -Wold-style-declaration -Wold-style-definition -Wtype-limits -I/usr/include/libpng12 -o /tmp/qemu-conf-7493-4838-7980.exe /tmp/qemu-conf-11426-4838-23104.c -Wl,-z,relro -Wl,-z,now -pie -m64 -g
gcc -fPIE -DPIE -m64 -D_FORTIFY_SOURCE=2 -D_GNU_SOURCE -D_FILE_OFFSET_BITS=64 -D_LARGEFILE_SOURCE -Wstrict-prototypes -Wredundant-decls -Wall -Wundef -Wwrite-strings -Wmissing-prototypes -fno-strict-aliasing -fstack-protector-all -Wendif-labels -Wmissing-include-dirs -Wempty-body -Wnested-externs -Wformat-security -Wformat-y2k -Winit-self -Wignored-qualifiers -Wold-style-declaration -Wold-style-definition -Wtype-limits -I/usr/include/libpng12 -o /tmp/qemu-conf-7493-4838-7980.exe /tmp/qemu-conf-11426-4838-23104.c -Wl,-z,relro -Wl,-z,now -pie -m64 -g
/tmp/qemu-conf-11426-4838-23104.c:1:24: 致命错误： sys/endian.h：没有那个文件或目录
编译中断。
gcc -fPIE -DPIE -m64 -D_FORTIFY_SOURCE=2 -D_GNU_SOURCE -D_FILE_OFFSET_BITS=64 -D_LARGEFILE_SOURCE -Wstrict-prototypes -Wredundant-decls -Wall -Wundef -Wwrite-strings -Wmissing-prototypes -fno-strict-aliasing -fstack-protector-all -Wendif-labels -Wmissing-include-dirs -Wempty-body -Wnested-externs -Wformat-security -Wformat-y2k -Winit-self -Wignored-qualifiers -Wold-style-declaration -Wold-style-definition -Wtype-limits -I/usr/include/libpng12 -Werror -o /tmp/qemu-conf-7493-4838-7980.exe /tmp/qemu-conf-11426-4838-23104.c -Wl,-z,relro -Wl,-z,now -pie -m64 -g -liscsi
/tmp/qemu-conf-11426-4838-23104.c:1:25: 致命错误： iscsi/iscsi.h：没有那个文件或目录
编译中断。
gcc -fPIE -DPIE -m64 -D_FORTIFY_SOURCE=2 -D_GNU_SOURCE -D_FILE_OFFSET_BITS=64 -D_LARGEFILE_SOURCE -Wstrict-prototypes -Wredundant-decls -Wall -Wundef -Wwrite-strings -Wmissing-prototypes -fno-strict-aliasing -fstack-protector-all -Wendif-labels -Wmissing-include-dirs -Wempty-body -Wnested-externs -Wformat-security -Wformat-y2k -Winit-self -Wignored-qualifiers -Wold-style-declaration -Wold-style-definition -Wtype-limits -I/usr/include/libpng12 -o /tmp/qemu-conf-7493-4838-7980.exe /tmp/qemu-conf-11426-4838-23104.c -Wl,-z,relro -Wl,-z,now -pie -m64 -g
/tmp/qemu-conf-11426-4838-23104.c: 在函数‘main’中:
/tmp/qemu-conf-11426-4838-23104.c:3:32: 警告： 此函数中的‘id’在使用前未初始化 [-Wuninitialized]
/tmp/ccBjN7Ln.o: In function `main':
/tmp/qemu-conf-11426-4838-23104.c:3: undefined reference to `clock_gettime'
collect2: ld 返回 1
gcc -fPIE -DPIE -m64 -D_FORTIFY_SOURCE=2 -D_GNU_SOURCE -D_FILE_OFFSET_BITS=64 -D_LARGEFILE_SOURCE -Wstrict-prototypes -Wredundant-decls -Wall -Wundef -Wwrite-strings -Wmissing-prototypes -fno-strict-aliasing -fstack-protector-all -Wendif-labels -Wmissing-include-dirs -Wempty-body -Wnested-externs -Wformat-security -Wformat-y2k -Winit-self -Wignored-qualifiers -Wold-style-declaration -Wold-style-definition -Wtype-limits -I/usr/include/libpng12 -o /tmp/qemu-conf-7493-4838-7980.exe /tmp/qemu-conf-11426-4838-23104.c -Wl,-z,relro -Wl,-z,now -pie -m64 -g -lrt
/tmp/qemu-conf-11426-4838-23104.c: 在函数‘main’中:
/tmp/qemu-conf-11426-4838-23104.c:3:32: 警告： 此函数中的‘id’在使用前未初始化 [-Wuninitialized]
gcc -fPIE -DPIE -m64 -D_FORTIFY_SOURCE=2 -D_GNU_SOURCE -D_FILE_OFFSET_BITS=64 -D_LARGEFILE_SOURCE -Wstrict-prototypes -Wredundant-decls -Wall -Wundef -Wwrite-strings -Wmissing-prototypes -fno-strict-aliasing -fstack-protector-all -Wendif-labels -Wmissing-include-dirs -Wempty-body -Wnested-externs -Wformat-security -Wformat-y2k -Winit-self -Wignored-qualifiers -Wold-style-declaration -Wold-style-definition -Wtype-limits -I/usr/include/libpng12 -o /tmp/qemu-conf-7493-4838-7980.exe /tmp/qemu-conf-11426-4838-23104.c -Wl,-z,relro -Wl,-z,now -pie -m64 -g
gcc -fPIE -DPIE -m64 -D_FORTIFY_SOURCE=2 -D_GNU_SOURCE -D_FILE_OFFSET_BITS=64 -D_LARGEFILE_SOURCE -Wstrict-prototypes -Wredundant-decls -Wall -Wundef -Wwrite-strings -Wmissing-prototypes -fno-strict-aliasing -fstack-protector-all -Wendif-labels -Wmissing-include-dirs -Wempty-body -Wnested-externs -Wformat-security -Wformat-y2k -Winit-self -Wignored-qualifiers -Wold-style-declaration -Wold-style-definition -Wtype-limits -I/usr/include/libpng12 -o /tmp/qemu-conf-7493-4838-7980.exe /tmp/qemu-conf-11426-4838-23104.c -Wl,-z,relro -Wl,-z,now -pie -m64 -g
gcc -fPIE -DPIE -m64 -D_FORTIFY_SOURCE=2 -D_GNU_SOURCE -D_FILE_OFFSET_BITS=64 -D_LARGEFILE_SOURCE -Wstrict-prototypes -Wredundant-decls -Wall -Wundef -Wwrite-strings -Wmissing-prototypes -fno-strict-aliasing -fstack-protector-all -Wendif-labels -Wmissing-include-dirs -Wempty-body -Wnested-externs -Wformat-security -Wformat-y2k -Winit-self -Wignored-qualifiers -Wold-style-declaration -Wold-style-definition -Wtype-limits -I/usr/include/libpng12 -o /tmp/qemu-conf-7493-4838-7980.exe /tmp/qemu-conf-11426-4838-23104.c -Wl,-z,relro -Wl,-z,now -pie -m64 -g
gcc -fPIE -DPIE -m64 -D_FORTIFY_SOURCE=2 -D_GNU_SOURCE -D_FILE_OFFSET_BITS=64 -D_LARGEFILE_SOURCE -Wstrict-prototypes -Wredundant-decls -Wall -Wundef -Wwrite-strings -Wmissing-prototypes -fno-strict-aliasing -fstack-protector-all -Wendif-labels -Wmissing-include-dirs -Wempty-body -Wnested-externs -Wformat-security -Wformat-y2k -Winit-self -Wignored-qualifiers -Wold-style-declaration -Wold-style-definition -Wtype-limits -I/usr/include/libpng12 -o /tmp/qemu-conf-7493-4838-7980.exe /tmp/qemu-conf-11426-4838-23104.c -Wl,-z,relro -Wl,-z,now -pie -m64 -g
gcc -fPIE -DPIE -m64 -D_FORTIFY_SOURCE=2 -D_GNU_SOURCE -D_FILE_OFFSET_BITS=64 -D_LARGEFILE_SOURCE -Wstrict-prototypes -Wredundant-decls -Wall -Wundef -Wwrite-strings -Wmissing-prototypes -fno-strict-aliasing -fstack-protector-all -Wendif-labels -Wmissing-include-dirs -Wempty-body -Wnested-externs -Wformat-security -Wformat-y2k -Winit-self -Wignored-qualifiers -Wold-style-declaration -Wold-style-definition -Wtype-limits -I/usr/include/libpng12 -o /tmp/qemu-conf-7493-4838-7980.exe /tmp/qemu-conf-11426-4838-23104.c -Wl,-z,relro -Wl,-z,now -pie -m64 -g
/tmp/qemu-conf-11426-4838-23104.c: 在函数‘main’中:
/tmp/qemu-conf-11426-4838-23104.c:2:1: 警告： 在有返回值的函数中，控制流程到达函数尾 [-Wreturn-type]
gcc -fPIE -DPIE -m64 -D_FORTIFY_SOURCE=2 -D_GNU_SOURCE -D_FILE_OFFSET_BITS=64 -D_LARGEFILE_SOURCE -Wstrict-prototypes -Wredundant-decls -Wall -Wundef -Wwrite-strings -Wmissing-prototypes -fno-strict-aliasing -fstack-protector-all -Wendif-labels -Wmissing-include-dirs -Wempty-body -Wnested-externs -Wformat-security -Wformat-y2k -Winit-self -Wignored-qualifiers -Wold-style-declaration -Wold-style-definition -Wtype-limits -I/usr/include/libpng12 -o /tmp/qemu-conf-7493-4838-7980.exe /tmp/qemu-conf-11426-4838-23104.c -Wl,-z,relro -Wl,-z,now -pie -m64 -g
/tmp/qemu-conf-11426-4838-23104.c: 在函数‘main’中:
/tmp/qemu-conf-11426-4838-23104.c:2:25: 警告： 在有返回值的函数中，控制流程到达函数尾 [-Wreturn-type]
gcc -fPIE -DPIE -m64 -D_FORTIFY_SOURCE=2 -D_GNU_SOURCE -D_FILE_OFFSET_BITS=64 -D_LARGEFILE_SOURCE -Wstrict-prototypes -Wredundant-decls -Wall -Wundef -Wwrite-strings -Wmissing-prototypes -fno-strict-aliasing -fstack-protector-all -Wendif-labels -Wmissing-include-dirs -Wempty-body -Wnested-externs -Wformat-security -Wformat-y2k -Winit-self -Wignored-qualifiers -Wold-style-declaration -Wold-style-definition -Wtype-limits -I/usr/include/libpng12 -o /tmp/qemu-conf-7493-4838-7980.exe /tmp/qemu-conf-11426-4838-23104.c -Wl,-z,relro -Wl,-z,now -pie -m64 -g
/tmp/qemu-conf-11426-4838-23104.c: 在函数‘main’中:
/tmp/qemu-conf-11426-4838-23104.c:3:1: 警告： 在有返回值的函数中，控制流程到达函数尾 [-Wreturn-type]
